Using pre-set license
Built from '2020.3/staging' branch; Version is '2020.3.25f1 (9b9180224418) revision 10195328'; Using compiler version '192528614'; Build Type 'Release'
OS: 'Windows 10  (10.0.19042) 64bit Professional' Language: 'sk' Physical Memory: 16281 MB
BatchMode: 1, IsHumanControllingUs: 0, StartBugReporterOnCrash: 0, Is64bit: 1, IsPro: 0

COMMAND LINE ARGUMENTS:
C:\Program Files\Unity\Hub\Editor\2020.3.25f1\Editor\Unity.exe
-adb2
-batchMode
-noUpm
-name
AssetImportWorker0
-projectPath
C:/Users/Admin/Desktop/unity-multiplayer/GameClient
-logFile
Logs/AssetImportWorker0.log
-srvPort
54686
Successfully changed project path to: C:/Users/Admin/Desktop/unity-multiplayer/GameClient
C:/Users/Admin/Desktop/unity-multiplayer/GameClient
Using Asset Import Pipeline V2.
Refreshing native plugins compatible for Editor in 68.57 ms, found 0 plugins.
Preloading 0 native plugins for Editor in 0.00 ms.
Initialize engine version: 2020.3.25f1 (9b9180224418)
[Subsystems] Discovering subsystems at path C:/Program Files/Unity/Hub/Editor/2020.3.25f1/Editor/Data/Resources/UnitySubsystems
[Subsystems] Discovering subsystems at path C:/Users/Admin/Desktop/unity-multiplayer/GameClient/Assets
GfxDevice: creating device client; threaded=0
Direct3D:
    Version:  Direct3D 11.0 [level 11.1]
    Renderer: Intel(R) HD Graphics 4600 (ID=0x416)
    Vendor:   
    VRAM:     2048 MB
    Driver:   20.19.15.4549
Initialize mono
Mono path[0] = 'C:/Program Files/Unity/Hub/Editor/2020.3.25f1/Editor/Data/Managed'
Mono path[1] = 'C:/Program Files/Unity/Hub/Editor/2020.3.25f1/Editor/Data/MonoBleedingEdge/lib/mono/unityjit'
Mono config path = 'C:/Program Files/Unity/Hub/Editor/2020.3.25f1/Editor/Data/MonoBleedingEdge/etc'
Using monoOptions --debugger-agent=transport=dt_socket,embedding=1,server=y,suspend=n,address=127.0.0.1:56212
Begin MonoManager ReloadAssembly
Registering precompiled unity dll's ...
Register platform support module: C:/Program Files/Unity/Hub/Editor/2020.3.25f1/Editor/Data/PlaybackEngines/WebGLSupport/UnityEditor.WebGL.Extensions.dll
Register platform support module: C:/Program Files/Unity/Hub/Editor/2020.3.25f1/Editor/Data/PlaybackEngines/WindowsStandaloneSupport/UnityEditor.WindowsStandalone.Extensions.dll
Registered in 0.004984 seconds.
Native extension for WindowsStandalone target not found
Native extension for WebGL target not found
Refreshing native plugins compatible for Editor in 65.70 ms, found 0 plugins.
Preloading 0 native plugins for Editor in 0.00 ms.
Mono: successfully reloaded assembly
- Completed reload, in  0.867 seconds
Domain Reload Profiling:
	ReloadAssembly (868ms)
		BeginReloadAssembly (80ms)
			ExecutionOrderSort (0ms)
			DisableScriptedObjects (0ms)
			BackupInstance (0ms)
			ReleaseScriptingObjects (0ms)
			CreateAndSetChildDomain (1ms)
		EndReloadAssembly (687ms)
			LoadAssemblies (76ms)
			RebuildTransferFunctionScriptingTraits (0ms)
			SetupTypeCache (210ms)
			ReleaseScriptCaches (0ms)
			RebuildScriptCaches (46ms)
			SetupLoadedEditorAssemblies (247ms)
				LogAssemblyErrors (0ms)
				InitializePlatformSupportModulesInManaged (8ms)
				SetLoadedEditorAssemblies (1ms)
				RefreshPlugins (66ms)
				BeforeProcessingInitializeOnLoad (22ms)
				ProcessInitializeOnLoadAttributes (114ms)
				ProcessInitializeOnLoadMethodAttributes (36ms)
				AfterProcessingInitializeOnLoad (0ms)
				EditorAssembliesLoaded (0ms)
			ExecutionOrderSort2 (0ms)
			AwakeInstancesAfterBackupRestoration (0ms)
Platform modules already initialized, skipping
Registering precompiled user dll's ...
Registered in 0.003505 seconds.
Begin MonoManager ReloadAssembly
Native extension for WindowsStandalone target not found
Native extension for WebGL target not found
Refreshing native plugins compatible for Editor in 56.11 ms, found 0 plugins.
Preloading 0 native plugins for Editor in 0.00 ms.
Mono: successfully reloaded assembly
- Completed reload, in  2.176 seconds
Domain Reload Profiling:
	ReloadAssembly (2177ms)
		BeginReloadAssembly (202ms)
			ExecutionOrderSort (0ms)
			DisableScriptedObjects (6ms)
			BackupInstance (0ms)
			ReleaseScriptingObjects (0ms)
			CreateAndSetChildDomain (27ms)
		EndReloadAssembly (1882ms)
			LoadAssemblies (129ms)
			RebuildTransferFunctionScriptingTraits (0ms)
			SetupTypeCache (321ms)
			ReleaseScriptCaches (1ms)
			RebuildScriptCaches (82ms)
			SetupLoadedEditorAssemblies (1196ms)
				LogAssemblyErrors (0ms)
				InitializePlatformSupportModulesInManaged (7ms)
				SetLoadedEditorAssemblies (0ms)
				RefreshPlugins (56ms)
				BeforeProcessingInitializeOnLoad (125ms)
				ProcessInitializeOnLoadAttributes (990ms)
				ProcessInitializeOnLoadMethodAttributes (5ms)
				AfterProcessingInitializeOnLoad (13ms)
				EditorAssembliesLoaded (0ms)
			ExecutionOrderSort2 (0ms)
			AwakeInstancesAfterBackupRestoration (8ms)
Platform modules already initialized, skipping
========================================================================
Worker process is ready to serve import requests
Launched and connected shader compiler UnityShaderCompiler.exe after 0.11 seconds
Refreshing native plugins compatible for Editor in 0.63 ms, found 0 plugins.
Preloading 0 native plugins for Editor in 0.00 ms.
Unloading 2717 Unused Serialized files (Serialized files now loaded: 0)
System memory in use before: 203.2 MB.
System memory in use after: 203.3 MB.

Unloading 11 unused Assets to reduce memory usage. Loaded Objects now: 3170.
Total: 3.911900 ms (FindLiveObjects: 0.251100 ms CreateObjectMapping: 0.139500 ms MarkObjects: 3.433400 ms  DeleteObjects: 0.086800 ms)

AssetImportParameters requested are different than current active one (requested -> active):
  custom:framework-win-MediaFoundation: 216162199b28c13a410421893ffa2e32 -> 
  custom:video-decoder-ogg-theora: a1e56fd34408186e4bbccfd4996cb3dc -> 
  custom:container-muxer-webm: aa71ff27fc2769a1b78a27578f13a17b -> 
  custom:container-demuxer-webm: 4f35f7cbe854078d1ac9338744f61a02 -> 
  custom:container-demuxer-ogg: 62fdf1f143b41e24485cea50d1cbac27 -> 
  custom:video-encoder-webm-vp8: eb34c28f22e8b96e1ab97ce403110664 -> 
  custom:video-decoder-webm-vp8: 9c59270c3fd7afecdb556c50c9e8de78 -> 
  custom:audio-decoder-ogg-vorbis: bf7c407c2cedff20999df2af8eb42d56 -> 
  custom:audio-encoder-webm-vorbis: bf7c407c2cedff20999df2af8eb42d56 -> 
========================================================================
Received Import Request.
  path: Assets/Prefabs/LocalPlayer.prefab
  artifactKey: Guid(771f4599d98028948ae5a82de1deb851) Importer(815301076,1909f56bfc062723c751e8b465ee728b)
Start importing Assets/Prefabs/LocalPlayer.prefab using Guid(771f4599d98028948ae5a82de1deb851) Importer(815301076,1909f56bfc062723c751e8b465ee728b)  -> (artifact id: '0b9f9b7937b32e69cbbbd6b04e5e50b3') in 0.341381 seconds 
  Import took 0.348462 seconds .

========================================================================
Received Import Request.
  Time since last request: 0.000469 seconds.
  path: Assets/Prefabs/Enemy.prefab
  artifactKey: Guid(14efa3bf9f538db4fba33c936133a6b9) Importer(815301076,1909f56bfc062723c751e8b465ee728b)
Start importing Assets/Prefabs/Enemy.prefab using Guid(14efa3bf9f538db4fba33c936133a6b9) Importer(815301076,1909f56bfc062723c751e8b465ee728b)  -> (artifact id: '4e0bcc3dbd9bbe4260537d20798c1142') in 0.045575 seconds 
  Import took 0.052032 seconds .

========================================================================
Received Import Request.
  Time since last request: 0.000417 seconds.
  path: Assets/Prefabs/Player.prefab
  artifactKey: Guid(d4b255f9feb42fb49b103418ae4f983a) Importer(815301076,1909f56bfc062723c751e8b465ee728b)
Start importing Assets/Prefabs/Player.prefab using Guid(d4b255f9feb42fb49b103418ae4f983a) Importer(815301076,1909f56bfc062723c751e8b465ee728b)  -> (artifact id: '05bd39dbc15807ba81c078a24cf2b97f') in 0.409733 seconds 
  Import took 0.418974 seconds .

========================================================================
Received Import Request.
  Time since last request: 0.000421 seconds.
  path: Assets/Prefabs/TestInterpolation.prefab
  artifactKey: Guid(efa326f91579ebe4db351d501db43a00) Importer(815301076,1909f56bfc062723c751e8b465ee728b)
Start importing Assets/Prefabs/TestInterpolation.prefab using Guid(efa326f91579ebe4db351d501db43a00) Importer(815301076,1909f56bfc062723c751e8b465ee728b)  -> (artifact id: '364d7f3bf12706571b0bcf7bcf713f97') in 0.059898 seconds 
  Import took 0.067181 seconds .

========================================================================
Received Import Request.
  Time since last request: 0.000332 seconds.
  path: Assets/Prefabs/Sphere (2).prefab
  artifactKey: Guid(c28b326594d547c4681af18455176f30) Importer(815301076,1909f56bfc062723c751e8b465ee728b)
Start importing Assets/Prefabs/Sphere (2).prefab using Guid(c28b326594d547c4681af18455176f30) Importer(815301076,1909f56bfc062723c751e8b465ee728b)  -> (artifact id: 'e56d5ff52d9245bfb1d6978394243460') in 0.047633 seconds 
  Import took 0.055767 seconds .

========================================================================
Received Import Request.
  Time since last request: 0.000285 seconds.
  path: Assets/Prefabs/Prot_Player.prefab
  artifactKey: Guid(8e169f83b3e546b428f2dec96283ec7e) Importer(815301076,1909f56bfc062723c751e8b465ee728b)
Start importing Assets/Prefabs/Prot_Player.prefab using Guid(8e169f83b3e546b428f2dec96283ec7e) Importer(815301076,1909f56bfc062723c751e8b465ee728b)  -> (artifact id: 'dc065e2062ce8e5307f4fe399547ebe2') in 0.053393 seconds 
  Import took 0.060585 seconds .

========================================================================
Received Import Request.
  Time since last request: 0.000328 seconds.
  path: Assets/Prefabs/Prot_LocalPlayer.prefab
  artifactKey: Guid(b92d19da70d3f5e45b69622abd286740) Importer(815301076,1909f56bfc062723c751e8b465ee728b)
Start importing Assets/Prefabs/Prot_LocalPlayer.prefab using Guid(b92d19da70d3f5e45b69622abd286740) Importer(815301076,1909f56bfc062723c751e8b465ee728b)  -> (artifact id: '14a56e6ddb2ea2033ce0cfd7130bbaa2') in 0.043225 seconds 
  Import took 0.049945 seconds .

========================================================================
Received Prepare
Registering precompiled user dll's ...
Registered in 0.022733 seconds.
Begin MonoManager ReloadAssembly
Native extension for WindowsStandalone target not found
Native extension for WebGL target not found
Refreshing native plugins compatible for Editor in 2.85 ms, found 0 plugins.
Preloading 0 native plugins for Editor in 0.00 ms.
Mono: successfully reloaded assembly
- Completed reload, in 12.812 seconds
Domain Reload Profiling:
	ReloadAssembly (12816ms)
		BeginReloadAssembly (1227ms)
			ExecutionOrderSort (0ms)
			DisableScriptedObjects (52ms)
			BackupInstance (0ms)
			ReleaseScriptingObjects (0ms)
			CreateAndSetChildDomain (284ms)
		EndReloadAssembly (10879ms)
			LoadAssemblies (1064ms)
			RebuildTransferFunctionScriptingTraits (0ms)
			SetupTypeCache (2966ms)
			ReleaseScriptCaches (7ms)
			RebuildScriptCaches (588ms)
			SetupLoadedEditorAssemblies (4808ms)
				LogAssemblyErrors (0ms)
				InitializePlatformSupportModulesInManaged (75ms)
				SetLoadedEditorAssemblies (6ms)
				RefreshPlugins (4ms)
				BeforeProcessingInitializeOnLoad (1023ms)
				ProcessInitializeOnLoadAttributes (3528ms)
				ProcessInitializeOnLoadMethodAttributes (65ms)
				AfterProcessingInitializeOnLoad (103ms)
				EditorAssembliesLoaded (3ms)
			ExecutionOrderSort2 (0ms)
			AwakeInstancesAfterBackupRestoration (213ms)
Platform modules already initialized, skipping
Refreshing native plugins compatible for Editor in 8.89 ms, found 0 plugins.
Preloading 0 native plugins for Editor in 0.00 ms.
Unloading 2591 Unused Serialized files (Serialized files now loaded: 0)
System memory in use before: 213.1 MB.
System memory in use after: 213.3 MB.

Unloading 9 unused Assets to reduce memory usage. Loaded Objects now: 3220.
Total: 20.988000 ms (FindLiveObjects: 1.212500 ms CreateObjectMapping: 1.626400 ms MarkObjects: 18.089900 ms  DeleteObjects: 0.056400 ms)

AssetImportParameters requested are different than current active one (requested -> active):
  custom:framework-win-MediaFoundation: 216162199b28c13a410421893ffa2e32 -> 
  custom:video-decoder-ogg-theora: a1e56fd34408186e4bbccfd4996cb3dc -> 
  custom:container-muxer-webm: aa71ff27fc2769a1b78a27578f13a17b -> 
  custom:container-demuxer-webm: 4f35f7cbe854078d1ac9338744f61a02 -> 
  custom:container-demuxer-ogg: 62fdf1f143b41e24485cea50d1cbac27 -> 
  custom:video-encoder-webm-vp8: eb34c28f22e8b96e1ab97ce403110664 -> 
  custom:video-decoder-webm-vp8: 9c59270c3fd7afecdb556c50c9e8de78 -> 
  custom:audio-decoder-ogg-vorbis: bf7c407c2cedff20999df2af8eb42d56 -> 
  custom:audio-encoder-webm-vorbis: bf7c407c2cedff20999df2af8eb42d56 -> 
========================================================================
Received Prepare
Registering precompiled user dll's ...
Registered in 0.003363 seconds.
Begin MonoManager ReloadAssembly
Native extension for WindowsStandalone target not found
Native extension for WebGL target not found
Refreshing native plugins compatible for Editor in 0.52 ms, found 0 plugins.
Preloading 0 native plugins for Editor in 0.00 ms.
Mono: successfully reloaded assembly
- Completed reload, in  1.526 seconds
Domain Reload Profiling:
	ReloadAssembly (1527ms)
		BeginReloadAssembly (162ms)
			ExecutionOrderSort (0ms)
			DisableScriptedObjects (18ms)
			BackupInstance (0ms)
			ReleaseScriptingObjects (0ms)
			CreateAndSetChildDomain (35ms)
		EndReloadAssembly (1270ms)
			LoadAssemblies (166ms)
			RebuildTransferFunctionScriptingTraits (0ms)
			SetupTypeCache (325ms)
			ReleaseScriptCaches (1ms)
			RebuildScriptCaches (60ms)
			SetupLoadedEditorAssemblies (549ms)
				LogAssemblyErrors (0ms)
				InitializePlatformSupportModulesInManaged (7ms)
				SetLoadedEditorAssemblies (1ms)
				RefreshPlugins (1ms)
				BeforeProcessingInitializeOnLoad (123ms)
				ProcessInitializeOnLoadAttributes (401ms)
				ProcessInitializeOnLoadMethodAttributes (4ms)
				AfterProcessingInitializeOnLoad (12ms)
				EditorAssembliesLoaded (0ms)
			ExecutionOrderSort2 (0ms)
			AwakeInstancesAfterBackupRestoration (22ms)
Platform modules already initialized, skipping
Refreshing native plugins compatible for Editor in 0.87 ms, found 0 plugins.
Preloading 0 native plugins for Editor in 0.00 ms.
Unloading 2591 Unused Serialized files (Serialized files now loaded: 0)
System memory in use before: 213.2 MB.
System memory in use after: 213.4 MB.

Unloading 7 unused Assets to reduce memory usage. Loaded Objects now: 3222.
Total: 4.375200 ms (FindLiveObjects: 0.335200 ms CreateObjectMapping: 0.291700 ms MarkObjects: 3.727000 ms  DeleteObjects: 0.020100 ms)

AssetImportParameters requested are different than current active one (requested -> active):
  custom:framework-win-MediaFoundation: 216162199b28c13a410421893ffa2e32 -> 
  custom:video-decoder-ogg-theora: a1e56fd34408186e4bbccfd4996cb3dc -> 
  custom:container-muxer-webm: aa71ff27fc2769a1b78a27578f13a17b -> 
  custom:container-demuxer-webm: 4f35f7cbe854078d1ac9338744f61a02 -> 
  custom:container-demuxer-ogg: 62fdf1f143b41e24485cea50d1cbac27 -> 
  custom:video-encoder-webm-vp8: eb34c28f22e8b96e1ab97ce403110664 -> 
  custom:video-decoder-webm-vp8: 9c59270c3fd7afecdb556c50c9e8de78 -> 
  custom:audio-decoder-ogg-vorbis: bf7c407c2cedff20999df2af8eb42d56 -> 
  custom:audio-encoder-webm-vorbis: bf7c407c2cedff20999df2af8eb42d56 -> 
========================================================================
Received Prepare
Registering precompiled user dll's ...
Registered in 0.009904 seconds.
Begin MonoManager ReloadAssembly
Native extension for WindowsStandalone target not found
Native extension for WebGL target not found
Refreshing native plugins compatible for Editor in 2.27 ms, found 0 plugins.
Preloading 0 native plugins for Editor in 0.00 ms.
Mono: successfully reloaded assembly
- Completed reload, in  9.947 seconds
Domain Reload Profiling:
	ReloadAssembly (9950ms)
		BeginReloadAssembly (1190ms)
			ExecutionOrderSort (0ms)
			DisableScriptedObjects (49ms)
			BackupInstance (0ms)
			ReleaseScriptingObjects (1ms)
			CreateAndSetChildDomain (260ms)
		EndReloadAssembly (8066ms)
			LoadAssemblies (1114ms)
			RebuildTransferFunctionScriptingTraits (0ms)
			SetupTypeCache (1834ms)
			ReleaseScriptCaches (10ms)
			RebuildScriptCaches (395ms)
			SetupLoadedEditorAssemblies (3985ms)
				LogAssemblyErrors (0ms)
				InitializePlatformSupportModulesInManaged (45ms)
				SetLoadedEditorAssemblies (3ms)
				RefreshPlugins (3ms)
				BeforeProcessingInitializeOnLoad (880ms)
				ProcessInitializeOnLoadAttributes (2950ms)
				ProcessInitializeOnLoadMethodAttributes (28ms)
				AfterProcessingInitializeOnLoad (59ms)
				EditorAssembliesLoaded (17ms)
			ExecutionOrderSort2 (0ms)
			AwakeInstancesAfterBackupRestoration (135ms)
Platform modules already initialized, skipping
Refreshing native plugins compatible for Editor in 0.89 ms, found 0 plugins.
Preloading 0 native plugins for Editor in 0.00 ms.
Unloading 2591 Unused Serialized files (Serialized files now loaded: 0)
System memory in use before: 213.2 MB.
System memory in use after: 213.4 MB.

Unloading 7 unused Assets to reduce memory usage. Loaded Objects now: 3224.
Total: 27.054900 ms (FindLiveObjects: 0.688400 ms CreateObjectMapping: 0.402200 ms MarkObjects: 25.908000 ms  DeleteObjects: 0.054000 ms)

AssetImportParameters requested are different than current active one (requested -> active):
  custom:framework-win-MediaFoundation: 216162199b28c13a410421893ffa2e32 -> 
  custom:video-decoder-ogg-theora: a1e56fd34408186e4bbccfd4996cb3dc -> 
  custom:container-muxer-webm: aa71ff27fc2769a1b78a27578f13a17b -> 
  custom:container-demuxer-webm: 4f35f7cbe854078d1ac9338744f61a02 -> 
  custom:container-demuxer-ogg: 62fdf1f143b41e24485cea50d1cbac27 -> 
  custom:video-encoder-webm-vp8: eb34c28f22e8b96e1ab97ce403110664 -> 
  custom:video-decoder-webm-vp8: 9c59270c3fd7afecdb556c50c9e8de78 -> 
  custom:audio-decoder-ogg-vorbis: bf7c407c2cedff20999df2af8eb42d56 -> 
  custom:audio-encoder-webm-vorbis: bf7c407c2cedff20999df2af8eb42d56 -> 
========================================================================
Received Prepare
Registering precompiled user dll's ...
Registered in 0.003732 seconds.
Begin MonoManager ReloadAssembly
Native extension for WindowsStandalone target not found
Native extension for WebGL target not found
Refreshing native plugins compatible for Editor in 0.51 ms, found 0 plugins.
Preloading 0 native plugins for Editor in 0.00 ms.
Mono: successfully reloaded assembly
- Completed reload, in  1.555 seconds
Domain Reload Profiling:
	ReloadAssembly (1556ms)
		BeginReloadAssembly (151ms)
			ExecutionOrderSort (0ms)
			DisableScriptedObjects (6ms)
			BackupInstance (0ms)
			ReleaseScriptingObjects (0ms)
			CreateAndSetChildDomain (36ms)
		EndReloadAssembly (1323ms)
			LoadAssemblies (123ms)
			RebuildTransferFunctionScriptingTraits (0ms)
			SetupTypeCache (358ms)
			ReleaseScriptCaches (1ms)
			RebuildScriptCaches (68ms)
			SetupLoadedEditorAssemblies (599ms)
				LogAssemblyErrors (0ms)
				InitializePlatformSupportModulesInManaged (7ms)
				SetLoadedEditorAssemblies (1ms)
				RefreshPlugins (1ms)
				BeforeProcessingInitializeOnLoad (120ms)
				ProcessInitializeOnLoadAttributes (453ms)
				ProcessInitializeOnLoadMethodAttributes (5ms)
				AfterProcessingInitializeOnLoad (12ms)
				EditorAssembliesLoaded (0ms)
			ExecutionOrderSort2 (0ms)
			AwakeInstancesAfterBackupRestoration (20ms)
Platform modules already initialized, skipping
Refreshing native plugins compatible for Editor in 0.53 ms, found 0 plugins.
Preloading 0 native plugins for Editor in 0.00 ms.
Unloading 2591 Unused Serialized files (Serialized files now loaded: 0)
System memory in use before: 213.2 MB.
System memory in use after: 213.4 MB.

Unloading 7 unused Assets to reduce memory usage. Loaded Objects now: 3226.
Total: 4.163900 ms (FindLiveObjects: 0.466400 ms CreateObjectMapping: 0.267000 ms MarkObjects: 3.410600 ms  DeleteObjects: 0.018400 ms)

AssetImportParameters requested are different than current active one (requested -> active):
  custom:framework-win-MediaFoundation: 216162199b28c13a410421893ffa2e32 -> 
  custom:video-decoder-ogg-theora: a1e56fd34408186e4bbccfd4996cb3dc -> 
  custom:container-muxer-webm: aa71ff27fc2769a1b78a27578f13a17b -> 
  custom:container-demuxer-webm: 4f35f7cbe854078d1ac9338744f61a02 -> 
  custom:container-demuxer-ogg: 62fdf1f143b41e24485cea50d1cbac27 -> 
  custom:video-encoder-webm-vp8: eb34c28f22e8b96e1ab97ce403110664 -> 
  custom:video-decoder-webm-vp8: 9c59270c3fd7afecdb556c50c9e8de78 -> 
  custom:audio-decoder-ogg-vorbis: bf7c407c2cedff20999df2af8eb42d56 -> 
  custom:audio-encoder-webm-vorbis: bf7c407c2cedff20999df2af8eb42d56 -> 
========================================================================
Received Prepare
Registering precompiled user dll's ...
Registered in 0.004678 seconds.
Begin MonoManager ReloadAssembly
Native extension for WindowsStandalone target not found
Native extension for WebGL target not found
Refreshing native plugins compatible for Editor in 1.99 ms, found 0 plugins.
Preloading 0 native plugins for Editor in 0.00 ms.
Mono: successfully reloaded assembly
- Completed reload, in  6.545 seconds
Domain Reload Profiling:
	ReloadAssembly (6547ms)
		BeginReloadAssembly (651ms)
			ExecutionOrderSort (0ms)
			DisableScriptedObjects (23ms)
			BackupInstance (0ms)
			ReleaseScriptingObjects (1ms)
			CreateAndSetChildDomain (82ms)
		EndReloadAssembly (5597ms)
			LoadAssemblies (667ms)
			RebuildTransferFunctionScriptingTraits (0ms)
			SetupTypeCache (1204ms)
			ReleaseScriptCaches (4ms)
			RebuildScriptCaches (268ms)
			SetupLoadedEditorAssemblies (2337ms)
				LogAssemblyErrors (0ms)
				InitializePlatformSupportModulesInManaged (50ms)
				SetLoadedEditorAssemblies (2ms)
				RefreshPlugins (3ms)
				BeforeProcessingInitializeOnLoad (966ms)
				ProcessInitializeOnLoadAttributes (1286ms)
				ProcessInitializeOnLoadMethodAttributes (9ms)
				AfterProcessingInitializeOnLoad (21ms)
				EditorAssembliesLoaded (1ms)
			ExecutionOrderSort2 (0ms)
			AwakeInstancesAfterBackupRestoration (43ms)
Platform modules already initialized, skipping
Refreshing native plugins compatible for Editor in 1.25 ms, found 0 plugins.
Preloading 0 native plugins for Editor in 0.00 ms.
Unloading 2591 Unused Serialized files (Serialized files now loaded: 0)
System memory in use before: 213.2 MB.
System memory in use after: 213.4 MB.

Unloading 7 unused Assets to reduce memory usage. Loaded Objects now: 3228.
Total: 4.257700 ms (FindLiveObjects: 0.397900 ms CreateObjectMapping: 0.157500 ms MarkObjects: 3.671600 ms  DeleteObjects: 0.028900 ms)

AssetImportParameters requested are different than current active one (requested -> active):
  custom:framework-win-MediaFoundation: 216162199b28c13a410421893ffa2e32 -> 
  custom:video-decoder-ogg-theora: a1e56fd34408186e4bbccfd4996cb3dc -> 
  custom:container-muxer-webm: aa71ff27fc2769a1b78a27578f13a17b -> 
  custom:container-demuxer-webm: 4f35f7cbe854078d1ac9338744f61a02 -> 
  custom:container-demuxer-ogg: 62fdf1f143b41e24485cea50d1cbac27 -> 
  custom:video-encoder-webm-vp8: eb34c28f22e8b96e1ab97ce403110664 -> 
  custom:video-decoder-webm-vp8: 9c59270c3fd7afecdb556c50c9e8de78 -> 
  custom:audio-decoder-ogg-vorbis: bf7c407c2cedff20999df2af8eb42d56 -> 
  custom:audio-encoder-webm-vorbis: bf7c407c2cedff20999df2af8eb42d56 -> 
========================================================================
Received Prepare
Registering precompiled user dll's ...
Registered in 0.003070 seconds.
Begin MonoManager ReloadAssembly
Native extension for WindowsStandalone target not found
Native extension for WebGL target not found
Refreshing native plugins compatible for Editor in 0.52 ms, found 0 plugins.
Preloading 0 native plugins for Editor in 0.00 ms.
Mono: successfully reloaded assembly
- Completed reload, in  1.499 seconds
Domain Reload Profiling:
	ReloadAssembly (1499ms)
		BeginReloadAssembly (138ms)
			ExecutionOrderSort (0ms)
			DisableScriptedObjects (7ms)
			BackupInstance (0ms)
			ReleaseScriptingObjects (0ms)
			CreateAndSetChildDomain (32ms)
		EndReloadAssembly (1240ms)
			LoadAssemblies (216ms)
			RebuildTransferFunctionScriptingTraits (0ms)
			SetupTypeCache (291ms)
			ReleaseScriptCaches (1ms)
			RebuildScriptCaches (59ms)
			SetupLoadedEditorAssemblies (512ms)
				LogAssemblyErrors (0ms)
				InitializePlatformSupportModulesInManaged (6ms)
				SetLoadedEditorAssemblies (1ms)
				RefreshPlugins (1ms)
				BeforeProcessingInitializeOnLoad (111ms)
				ProcessInitializeOnLoadAttributes (377ms)
				ProcessInitializeOnLoadMethodAttributes (4ms)
				AfterProcessingInitializeOnLoad (12ms)
				EditorAssembliesLoaded (0ms)
			ExecutionOrderSort2 (0ms)
			AwakeInstancesAfterBackupRestoration (20ms)
Platform modules already initialized, skipping
Refreshing native plugins compatible for Editor in 0.54 ms, found 0 plugins.
Preloading 0 native plugins for Editor in 0.00 ms.
Unloading 2591 Unused Serialized files (Serialized files now loaded: 0)
System memory in use before: 213.2 MB.
System memory in use after: 213.4 MB.

Unloading 7 unused Assets to reduce memory usage. Loaded Objects now: 3230.
Total: 3.899300 ms (FindLiveObjects: 0.244300 ms CreateObjectMapping: 0.129100 ms MarkObjects: 3.503200 ms  DeleteObjects: 0.021300 ms)

AssetImportParameters requested are different than current active one (requested -> active):
  custom:framework-win-MediaFoundation: 216162199b28c13a410421893ffa2e32 -> 
  custom:video-decoder-ogg-theora: a1e56fd34408186e4bbccfd4996cb3dc -> 
  custom:container-muxer-webm: aa71ff27fc2769a1b78a27578f13a17b -> 
  custom:container-demuxer-webm: 4f35f7cbe854078d1ac9338744f61a02 -> 
  custom:container-demuxer-ogg: 62fdf1f143b41e24485cea50d1cbac27 -> 
  custom:video-encoder-webm-vp8: eb34c28f22e8b96e1ab97ce403110664 -> 
  custom:video-decoder-webm-vp8: 9c59270c3fd7afecdb556c50c9e8de78 -> 
  custom:audio-decoder-ogg-vorbis: bf7c407c2cedff20999df2af8eb42d56 -> 
  custom:audio-encoder-webm-vorbis: bf7c407c2cedff20999df2af8eb42d56 -> 
========================================================================
Received Import Request.
  Time since last request: 2430.159371 seconds.
  path: Assets/Models/Player/Animation/Locomotion Pack (1)
  artifactKey: Guid(be4f35ddfd2c7ac4f8efe6fbb50198c0) Importer(815301076,1909f56bfc062723c751e8b465ee728b)
Start importing Assets/Models/Player/Animation/Locomotion Pack (1) using Guid(be4f35ddfd2c7ac4f8efe6fbb50198c0) Importer(815301076,1909f56bfc062723c751e8b465ee728b)  -> (artifact id: 'e5f5b1cfc23c0dcfae48b5e639c66164') in 0.028403 seconds 
  Import took 0.035664 seconds .

========================================================================
Received Import Request.
  Time since last request: 0.276486 seconds.
  path: Assets/Models/Player/Animation/Locomotion Pack (1)/Ch49_nonPBR.fbx
  artifactKey: Guid(7890c44beea753a448d5d99e1be275c5) Importer(815301076,1909f56bfc062723c751e8b465ee728b)
Start importing Assets/Models/Player/Animation/Locomotion Pack (1)/Ch49_nonPBR.fbx using Guid(7890c44beea753a448d5d99e1be275c5) Importer(815301076,1909f56bfc062723c751e8b465ee728b)  -> (artifact id: 'fa92e8af4389fab236ad45700c248148') in 0.374157 seconds 
  Import took 0.382348 seconds .

========================================================================
Received Import Request.
  Time since last request: 0.000358 seconds.
  path: Assets/Models/Player/Animation/Locomotion Pack (1)/left turn 90.fbx
  artifactKey: Guid(7e3aa134baf69264ba6c85f8c665c1f2) Importer(815301076,1909f56bfc062723c751e8b465ee728b)
Start importing Assets/Models/Player/Animation/Locomotion Pack (1)/left turn 90.fbx using Guid(7e3aa134baf69264ba6c85f8c665c1f2) Importer(815301076,1909f56bfc062723c751e8b465ee728b)  -> (artifact id: 'd2a6f20c9115896e78425183592b6f39') in 0.031907 seconds 
  Import took 0.039115 seconds .

========================================================================
Received Import Request.
  Time since last request: 0.000380 seconds.
  path: Assets/Models/Player/Animation/Locomotion Pack (1)/walking.fbx
  artifactKey: Guid(bc8b852f6414042418bd319ef754ab50) Importer(815301076,1909f56bfc062723c751e8b465ee728b)
Start importing Assets/Models/Player/Animation/Locomotion Pack (1)/walking.fbx using Guid(bc8b852f6414042418bd319ef754ab50) Importer(815301076,1909f56bfc062723c751e8b465ee728b)  -> (artifact id: '6b3477965e6e2f72719b4f0d570fb007') in 0.039203 seconds 
  Import took 0.046126 seconds .

========================================================================
Received Import Request.
  Time since last request: 0.000277 seconds.
  path: Assets/Models/Player/Animation/Locomotion Pack (1)/jump.fbx
  artifactKey: Guid(843c0ebd9b8da264e996931ba9773792) Importer(815301076,1909f56bfc062723c751e8b465ee728b)
Start importing Assets/Models/Player/Animation/Locomotion Pack (1)/jump.fbx using Guid(843c0ebd9b8da264e996931ba9773792) Importer(815301076,1909f56bfc062723c751e8b465ee728b)  -> (artifact id: 'cc51dfc458b7fb8ef2c19fdfd30e94f5') in 0.027991 seconds 
  Import took 0.035396 seconds .

========================================================================
Received Import Request.
  Time since last request: 0.000288 seconds.
  path: Assets/Models/Player/Animation/Locomotion Pack (1)/left strafe walking.fbx
  artifactKey: Guid(1124806a8f4b7624b90d6ee1f5daa946) Importer(815301076,1909f56bfc062723c751e8b465ee728b)
Start importing Assets/Models/Player/Animation/Locomotion Pack (1)/left strafe walking.fbx using Guid(1124806a8f4b7624b90d6ee1f5daa946) Importer(815301076,1909f56bfc062723c751e8b465ee728b)  -> (artifact id: 'a4c82941bff6991a3e75994a68b6ed75') in 0.030734 seconds 
  Import took 0.038057 seconds .

========================================================================
Received Import Request.
  Time since last request: 0.000320 seconds.
  path: Assets/Models/Player/Animation/Locomotion Pack (1)/idle.fbx
  artifactKey: Guid(bd7e349ac27f9fe4d8b3e27207a2bedb) Importer(815301076,1909f56bfc062723c751e8b465ee728b)
Start importing Assets/Models/Player/Animation/Locomotion Pack (1)/idle.fbx using Guid(bd7e349ac27f9fe4d8b3e27207a2bedb) Importer(815301076,1909f56bfc062723c751e8b465ee728b)  -> (artifact id: 'c1315d51f0c46e49e486f0b52ad60957') in 0.029930 seconds 
  Import took 0.038801 seconds .

========================================================================
Received Import Request.
  Time since last request: 0.000299 seconds.
  path: Assets/Models/Player/Animation/Locomotion Pack (1)/right strafe.fbx
  artifactKey: Guid(1e6e0f95bd625dd41967e5d368186603) Importer(815301076,1909f56bfc062723c751e8b465ee728b)
Start importing Assets/Models/Player/Animation/Locomotion Pack (1)/right strafe.fbx using Guid(1e6e0f95bd625dd41967e5d368186603) Importer(815301076,1909f56bfc062723c751e8b465ee728b)  -> (artifact id: 'd22531a1e536d3fee12c2ce4b8d15e39') in 0.030081 seconds 
  Import took 0.040961 seconds .

========================================================================
Received Import Request.
  Time since last request: 0.000306 seconds.
  path: Assets/Models/Player/Animation/Locomotion Pack (1)/left strafe.fbx
  artifactKey: Guid(40933b0d63b1c3542ac59020162d862a) Importer(815301076,1909f56bfc062723c751e8b465ee728b)
Start importing Assets/Models/Player/Animation/Locomotion Pack (1)/left strafe.fbx using Guid(40933b0d63b1c3542ac59020162d862a) Importer(815301076,1909f56bfc062723c751e8b465ee728b)  -> (artifact id: '3715cd2a434b4245c6ee642d4445b946') in 0.032836 seconds 
  Import took 0.040889 seconds .

========================================================================
Received Import Request.
  Time since last request: 0.000437 seconds.
  path: Assets/Models/Player/Animation/Locomotion Pack (1)/right turn.fbx
  artifactKey: Guid(3a270e344cbf879438c23bf3885248c6) Importer(815301076,1909f56bfc062723c751e8b465ee728b)
Start importing Assets/Models/Player/Animation/Locomotion Pack (1)/right turn.fbx using Guid(3a270e344cbf879438c23bf3885248c6) Importer(815301076,1909f56bfc062723c751e8b465ee728b)  -> (artifact id: 'e42b75e2535be52a9d46605b50626610') in 0.023155 seconds 
  Import took 0.029731 seconds .

========================================================================
Received Import Request.
  Time since last request: 0.000316 seconds.
  path: Assets/Models/Player/Animation/Locomotion Pack (1)/right strafe walking.fbx
  artifactKey: Guid(ddb7f77aa7c6d244488074a3ec00f3a7) Importer(815301076,1909f56bfc062723c751e8b465ee728b)
Start importing Assets/Models/Player/Animation/Locomotion Pack (1)/right strafe walking.fbx using Guid(ddb7f77aa7c6d244488074a3ec00f3a7) Importer(815301076,1909f56bfc062723c751e8b465ee728b)  -> (artifact id: 'dce525711137e5533e5e187c2df75457') in 0.024968 seconds 
  Import took 0.031368 seconds .

========================================================================
Received Import Request.
  Time since last request: 0.000289 seconds.
  path: Assets/Models/Player/Animation/Locomotion Pack (1)/running.fbx
  artifactKey: Guid(50ce439a425ea5c4692d40063a211f02) Importer(815301076,1909f56bfc062723c751e8b465ee728b)
Start importing Assets/Models/Player/Animation/Locomotion Pack (1)/running.fbx using Guid(50ce439a425ea5c4692d40063a211f02) Importer(815301076,1909f56bfc062723c751e8b465ee728b)  -> (artifact id: '0ad9af6d86fa259e9b3968752bd0b83d') in 0.024450 seconds 
  Import took 0.035848 seconds .

========================================================================
Received Import Request.
  Time since last request: 0.000633 seconds.
  path: Assets/Models/Player/Animation/Locomotion Pack (1)/right turn 90.fbx
  artifactKey: Guid(a3a44642bee8b4a4988b1a94d370fdae) Importer(815301076,1909f56bfc062723c751e8b465ee728b)
Start importing Assets/Models/Player/Animation/Locomotion Pack (1)/right turn 90.fbx using Guid(a3a44642bee8b4a4988b1a94d370fdae) Importer(815301076,1909f56bfc062723c751e8b465ee728b)  -> (artifact id: '291217fc98106b345a3a5dd7a410a606') in 0.022279 seconds 
  Import took 0.028687 seconds .

========================================================================
Received Import Request.
  Time since last request: 0.000274 seconds.
  path: Assets/Models/Player/Animation/Locomotion Pack (1)/left turn.fbx
  artifactKey: Guid(8f3e3cb1519a187489e494bba275dc56) Importer(815301076,1909f56bfc062723c751e8b465ee728b)
Start importing Assets/Models/Player/Animation/Locomotion Pack (1)/left turn.fbx using Guid(8f3e3cb1519a187489e494bba275dc56) Importer(815301076,1909f56bfc062723c751e8b465ee728b)  -> (artifact id: '1cb2f4663c7b3a7f7a87804d594d6b30') in 0.021009 seconds 
  Import took 0.027071 seconds .

========================================================================
Received Import Request.
  Time since last request: 14.707792 seconds.
  path: Assets/Models/Player/Animation/Locomotion Pack (1)/Ch49_nonPBR.fbx
  artifactKey: Guid(7890c44beea753a448d5d99e1be275c5) Importer(815301076,1909f56bfc062723c751e8b465ee728b)
Start importing Assets/Models/Player/Animation/Locomotion Pack (1)/Ch49_nonPBR.fbx using Guid(7890c44beea753a448d5d99e1be275c5) Importer(815301076,1909f56bfc062723c751e8b465ee728b)  -> (artifact id: '59ac563ab1346d86aec2b0aa266497b2') in 0.148700 seconds 
  Import took 0.155434 seconds .

========================================================================
Received Import Request.
  Time since last request: 0.000270 seconds.
  path: Assets/Models/Player/Animation/Locomotion Pack (1)/left turn 90.fbx
  artifactKey: Guid(7e3aa134baf69264ba6c85f8c665c1f2) Importer(815301076,1909f56bfc062723c751e8b465ee728b)
Start importing Assets/Models/Player/Animation/Locomotion Pack (1)/left turn 90.fbx using Guid(7e3aa134baf69264ba6c85f8c665c1f2) Importer(815301076,1909f56bfc062723c751e8b465ee728b)  -> (artifact id: 'e3c9a4f684423ed81d09387febdca9ce') in 0.028568 seconds 
  Import took 0.034564 seconds .

========================================================================
Received Import Request.
  Time since last request: 0.000270 seconds.
  path: Assets/Models/Player/Animation/Locomotion Pack (1)/walking.fbx
  artifactKey: Guid(bc8b852f6414042418bd319ef754ab50) Importer(815301076,1909f56bfc062723c751e8b465ee728b)
Start importing Assets/Models/Player/Animation/Locomotion Pack (1)/walking.fbx using Guid(bc8b852f6414042418bd319ef754ab50) Importer(815301076,1909f56bfc062723c751e8b465ee728b)  -> (artifact id: 'ccdce0b9dfdf9e832588d832f1f2d59c') in 0.022338 seconds 
  Import took 0.030706 seconds .

========================================================================
Received Import Request.
  Time since last request: 0.000271 seconds.
  path: Assets/Models/Player/Animation/Locomotion Pack (1)/jump.fbx
  artifactKey: Guid(843c0ebd9b8da264e996931ba9773792) Importer(815301076,1909f56bfc062723c751e8b465ee728b)
Start importing Assets/Models/Player/Animation/Locomotion Pack (1)/jump.fbx using Guid(843c0ebd9b8da264e996931ba9773792) Importer(815301076,1909f56bfc062723c751e8b465ee728b)  -> (artifact id: '01aec8df52507ccbdd7de23429b44d46') in 0.019238 seconds 
  Import took 0.027304 seconds .

========================================================================
Received Import Request.
  Time since last request: 0.000361 seconds.
  path: Assets/Models/Player/Animation/Locomotion Pack (1)/left strafe walking.fbx
  artifactKey: Guid(1124806a8f4b7624b90d6ee1f5daa946) Importer(815301076,1909f56bfc062723c751e8b465ee728b)
Start importing Assets/Models/Player/Animation/Locomotion Pack (1)/left strafe walking.fbx using Guid(1124806a8f4b7624b90d6ee1f5daa946) Importer(815301076,1909f56bfc062723c751e8b465ee728b)  -> (artifact id: '9a47491eb7a6a0a883922fa688b49be1') in 0.021320 seconds 
  Import took 0.028894 seconds .

========================================================================
Received Import Request.
  Time since last request: 0.000357 seconds.
  path: Assets/Models/Player/Animation/Locomotion Pack (1)/idle.fbx
  artifactKey: Guid(bd7e349ac27f9fe4d8b3e27207a2bedb) Importer(815301076,1909f56bfc062723c751e8b465ee728b)
Start importing Assets/Models/Player/Animation/Locomotion Pack (1)/idle.fbx using Guid(bd7e349ac27f9fe4d8b3e27207a2bedb) Importer(815301076,1909f56bfc062723c751e8b465ee728b)  -> (artifact id: '2d808baafd51af8a709780abe1f6f205') in 0.022106 seconds 
  Import took 0.030523 seconds .

========================================================================
Received Import Request.
  Time since last request: 0.000436 seconds.
  path: Assets/Models/Player/Animation/Locomotion Pack (1)/right strafe.fbx
  artifactKey: Guid(1e6e0f95bd625dd41967e5d368186603) Importer(815301076,1909f56bfc062723c751e8b465ee728b)
Start importing Assets/Models/Player/Animation/Locomotion Pack (1)/right strafe.fbx using Guid(1e6e0f95bd625dd41967e5d368186603) Importer(815301076,1909f56bfc062723c751e8b465ee728b)  -> (artifact id: '7b3d5867879dfaccb65453999d5f8533') in 0.021326 seconds 
  Import took 0.030647 seconds .

========================================================================
Received Import Request.
  Time since last request: 0.000386 seconds.
  path: Assets/Models/Player/Animation/Locomotion Pack (1)/left strafe.fbx
  artifactKey: Guid(40933b0d63b1c3542ac59020162d862a) Importer(815301076,1909f56bfc062723c751e8b465ee728b)
Start importing Assets/Models/Player/Animation/Locomotion Pack (1)/left strafe.fbx using Guid(40933b0d63b1c3542ac59020162d862a) Importer(815301076,1909f56bfc062723c751e8b465ee728b)  -> (artifact id: 'feefac8cc320357f06772196ef31fd97') in 0.019231 seconds 
  Import took 0.026189 seconds .

========================================================================
Received Import Request.
  Time since last request: 0.000316 seconds.
  path: Assets/Models/Player/Animation/Locomotion Pack (1)/right turn.fbx
  artifactKey: Guid(3a270e344cbf879438c23bf3885248c6) Importer(815301076,1909f56bfc062723c751e8b465ee728b)
Start importing Assets/Models/Player/Animation/Locomotion Pack (1)/right turn.fbx using Guid(3a270e344cbf879438c23bf3885248c6) Importer(815301076,1909f56bfc062723c751e8b465ee728b)  -> (artifact id: 'b329d9eedfbf28ed7a47810f908f4292') in 0.021889 seconds 
  Import took 0.028252 seconds .

========================================================================
Received Import Request.
  Time since last request: 0.000458 seconds.
  path: Assets/Models/Player/Animation/Locomotion Pack (1)/right strafe walking.fbx
  artifactKey: Guid(ddb7f77aa7c6d244488074a3ec00f3a7) Importer(815301076,1909f56bfc062723c751e8b465ee728b)
Start importing Assets/Models/Player/Animation/Locomotion Pack (1)/right strafe walking.fbx using Guid(ddb7f77aa7c6d244488074a3ec00f3a7) Importer(815301076,1909f56bfc062723c751e8b465ee728b)  -> (artifact id: '5fc8aeacd6fdd28fb96d8e0cf1c7d063') in 0.020804 seconds 
  Import took 0.030016 seconds .

========================================================================
Received Import Request.
  Time since last request: 0.000342 seconds.
  path: Assets/Models/Player/Animation/Locomotion Pack (1)/running.fbx
  artifactKey: Guid(50ce439a425ea5c4692d40063a211f02) Importer(815301076,1909f56bfc062723c751e8b465ee728b)
Start importing Assets/Models/Player/Animation/Locomotion Pack (1)/running.fbx using Guid(50ce439a425ea5c4692d40063a211f02) Importer(815301076,1909f56bfc062723c751e8b465ee728b)  -> (artifact id: '16c52c9eafaa1afc9fdb5f7ecd799f9e') in 0.021618 seconds 
  Import took 0.031465 seconds .

========================================================================
Received Import Request.
  Time since last request: 0.000420 seconds.
  path: Assets/Models/Player/Animation/Locomotion Pack (1)/right turn 90.fbx
  artifactKey: Guid(a3a44642bee8b4a4988b1a94d370fdae) Importer(815301076,1909f56bfc062723c751e8b465ee728b)
Start importing Assets/Models/Player/Animation/Locomotion Pack (1)/right turn 90.fbx using Guid(a3a44642bee8b4a4988b1a94d370fdae) Importer(815301076,1909f56bfc062723c751e8b465ee728b)  -> (artifact id: '6b15ad7ea92dee9b82fd99b10ff655e5') in 0.021973 seconds 
  Import took 0.031481 seconds .

========================================================================
Received Import Request.
  Time since last request: 0.000379 seconds.
  path: Assets/Models/Player/Animation/Locomotion Pack (1)/left turn.fbx
  artifactKey: Guid(8f3e3cb1519a187489e494bba275dc56) Importer(815301076,1909f56bfc062723c751e8b465ee728b)
Start importing Assets/Models/Player/Animation/Locomotion Pack (1)/left turn.fbx using Guid(8f3e3cb1519a187489e494bba275dc56) Importer(815301076,1909f56bfc062723c751e8b465ee728b)  -> (artifact id: '0a6fd964c18e3aaa758e05c5708d7db8') in 0.024792 seconds 
  Import took 0.035189 seconds .

========================================================================
Received Import Request.
  Time since last request: 15.427012 seconds.
  path: Assets/Models/Player/Animation/Locomotion Pack (1)/Ch49_nonPBR.fbx
  artifactKey: Guid(7890c44beea753a448d5d99e1be275c5) Importer(815301076,1909f56bfc062723c751e8b465ee728b)
Start importing Assets/Models/Player/Animation/Locomotion Pack (1)/Ch49_nonPBR.fbx using Guid(7890c44beea753a448d5d99e1be275c5) Importer(815301076,1909f56bfc062723c751e8b465ee728b)  -> (artifact id: '6fb558b1c785ff8ed8f557623fbb7e5a') in 0.131758 seconds 
  Import took 0.140237 seconds .

========================================================================
Received Import Request.
  Time since last request: 7.635972 seconds.
  path: Assets/Models/Player/Animation/Locomotion Pack (1)/right strafe walking.fbx
  artifactKey: Guid(ddb7f77aa7c6d244488074a3ec00f3a7) Importer(815301076,1909f56bfc062723c751e8b465ee728b)
Start importing Assets/Models/Player/Animation/Locomotion Pack (1)/right strafe walking.fbx using Guid(ddb7f77aa7c6d244488074a3ec00f3a7) Importer(815301076,1909f56bfc062723c751e8b465ee728b)  -> (artifact id: '9d2973611e8225356e4cf895a3cfff97') in 0.016009 seconds 
  Import took 0.023014 seconds .

========================================================================
Received Import Request.
  Time since last request: 0.058855 seconds.
  path: Assets/Models/Player/Animation/Locomotion Pack (1)/idle.fbx
  artifactKey: Guid(bd7e349ac27f9fe4d8b3e27207a2bedb) Importer(815301076,1909f56bfc062723c751e8b465ee728b)
Start importing Assets/Models/Player/Animation/Locomotion Pack (1)/idle.fbx using Guid(bd7e349ac27f9fe4d8b3e27207a2bedb) Importer(815301076,1909f56bfc062723c751e8b465ee728b)  -> (artifact id: '8036e39b3ad4ebfb0843137e0f8e45c6') in 0.027874 seconds 
  Import took 0.035261 seconds .

========================================================================
Received Import Request.
  Time since last request: 0.000371 seconds.
  path: Assets/Models/Player/Animation/Locomotion Pack (1)/left turn 90.fbx
  artifactKey: Guid(7e3aa134baf69264ba6c85f8c665c1f2) Importer(815301076,1909f56bfc062723c751e8b465ee728b)
Start importing Assets/Models/Player/Animation/Locomotion Pack (1)/left turn 90.fbx using Guid(7e3aa134baf69264ba6c85f8c665c1f2) Importer(815301076,1909f56bfc062723c751e8b465ee728b)  -> (artifact id: 'c28faf529dc598b913172b77daa4a860') in 0.031106 seconds 
  Import took 0.038955 seconds .

========================================================================
Received Import Request.
  Time since last request: 0.000313 seconds.
  path: Assets/Models/Player/Animation/Locomotion Pack (1)/walking.fbx
  artifactKey: Guid(bc8b852f6414042418bd319ef754ab50) Importer(815301076,1909f56bfc062723c751e8b465ee728b)
Start importing Assets/Models/Player/Animation/Locomotion Pack (1)/walking.fbx using Guid(bc8b852f6414042418bd319ef754ab50) Importer(815301076,1909f56bfc062723c751e8b465ee728b)  -> (artifact id: '444012c7788bef61aaeed6bc03f646f6') in 0.026366 seconds 
  Import took 0.034995 seconds .

========================================================================
Received Import Request.
  Time since last request: 0.000413 seconds.
  path: Assets/Models/Player/Animation/Locomotion Pack (1)/jump.fbx
  artifactKey: Guid(843c0ebd9b8da264e996931ba9773792) Importer(815301076,1909f56bfc062723c751e8b465ee728b)
Start importing Assets/Models/Player/Animation/Locomotion Pack (1)/jump.fbx using Guid(843c0ebd9b8da264e996931ba9773792) Importer(815301076,1909f56bfc062723c751e8b465ee728b)  -> (artifact id: 'cbf0ffbf9987a05d36220b0f69a254cf') in 0.020988 seconds 
  Import took 0.027694 seconds .

========================================================================
Received Import Request.
  Time since last request: 0.000731 seconds.
  path: Assets/Models/Player/Animation/Locomotion Pack (1)/left strafe walking.fbx
  artifactKey: Guid(1124806a8f4b7624b90d6ee1f5daa946) Importer(815301076,1909f56bfc062723c751e8b465ee728b)
Start importing Assets/Models/Player/Animation/Locomotion Pack (1)/left strafe walking.fbx using Guid(1124806a8f4b7624b90d6ee1f5daa946) Importer(815301076,1909f56bfc062723c751e8b465ee728b)  -> (artifact id: 'f350f3bbe2bb76304a21a73868800f7a') in 0.020217 seconds 
  Import took 0.028473 seconds .

========================================================================
Received Import Request.
  Time since last request: 0.000287 seconds.
  path: Assets/Models/Player/Animation/Locomotion Pack (1)/right strafe.fbx
  artifactKey: Guid(1e6e0f95bd625dd41967e5d368186603) Importer(815301076,1909f56bfc062723c751e8b465ee728b)
Start importing Assets/Models/Player/Animation/Locomotion Pack (1)/right strafe.fbx using Guid(1e6e0f95bd625dd41967e5d368186603) Importer(815301076,1909f56bfc062723c751e8b465ee728b)  -> (artifact id: 'a8a2228903bbffbc1819ca900e31eab5') in 0.032286 seconds 
  Import took 0.039274 seconds .

========================================================================
Received Import Request.
  Time since last request: 0.000350 seconds.
  path: Assets/Models/Player/Animation/Locomotion Pack (1)/left strafe.fbx
  artifactKey: Guid(40933b0d63b1c3542ac59020162d862a) Importer(815301076,1909f56bfc062723c751e8b465ee728b)
Start importing Assets/Models/Player/Animation/Locomotion Pack (1)/left strafe.fbx using Guid(40933b0d63b1c3542ac59020162d862a) Importer(815301076,1909f56bfc062723c751e8b465ee728b)  -> (artifact id: '02103e31feae8c5bd176aeb023b90102') in 0.023411 seconds 
  Import took 0.030929 seconds .

========================================================================
Received Import Request.
  Time since last request: 0.000302 seconds.
  path: Assets/Models/Player/Animation/Locomotion Pack (1)/right turn.fbx
  artifactKey: Guid(3a270e344cbf879438c23bf3885248c6) Importer(815301076,1909f56bfc062723c751e8b465ee728b)
Start importing Assets/Models/Player/Animation/Locomotion Pack (1)/right turn.fbx using Guid(3a270e344cbf879438c23bf3885248c6) Importer(815301076,1909f56bfc062723c751e8b465ee728b)  -> (artifact id: 'ed40871d083db4c09963f404c76989c0') in 0.023039 seconds 
  Import took 0.030685 seconds .

========================================================================
Received Import Request.
  Time since last request: 0.000297 seconds.
  path: Assets/Models/Player/Animation/Locomotion Pack (1)/running.fbx
  artifactKey: Guid(50ce439a425ea5c4692d40063a211f02) Importer(815301076,1909f56bfc062723c751e8b465ee728b)
Start importing Assets/Models/Player/Animation/Locomotion Pack (1)/running.fbx using Guid(50ce439a425ea5c4692d40063a211f02) Importer(815301076,1909f56bfc062723c751e8b465ee728b)  -> (artifact id: 'a70ebc60b47e491910d0c1dc0ab2123a') in 0.021186 seconds 
  Import took 0.030064 seconds .

========================================================================
Received Import Request.
  Time since last request: 0.000343 seconds.
  path: Assets/Models/Player/Animation/Locomotion Pack (1)/right turn 90.fbx
  artifactKey: Guid(a3a44642bee8b4a4988b1a94d370fdae) Importer(815301076,1909f56bfc062723c751e8b465ee728b)
Start importing Assets/Models/Player/Animation/Locomotion Pack (1)/right turn 90.fbx using Guid(a3a44642bee8b4a4988b1a94d370fdae) Importer(815301076,1909f56bfc062723c751e8b465ee728b)  -> (artifact id: '7495aa2720bf9d85c72d9e3c6deb6f70') in 0.025805 seconds 
  Import took 0.034179 seconds .

========================================================================
Received Import Request.
  Time since last request: 0.000282 seconds.
  path: Assets/Models/Player/Animation/Locomotion Pack (1)/left turn.fbx
  artifactKey: Guid(8f3e3cb1519a187489e494bba275dc56) Importer(815301076,1909f56bfc062723c751e8b465ee728b)
Start importing Assets/Models/Player/Animation/Locomotion Pack (1)/left turn.fbx using Guid(8f3e3cb1519a187489e494bba275dc56) Importer(815301076,1909f56bfc062723c751e8b465ee728b)  -> (artifact id: '29dc7bf07acc18c05d31d61a03544207') in 0.020864 seconds 
  Import took 0.029976 seconds .

========================================================================
Received Import Request.
  Time since last request: 296.935136 seconds.
  path: Assets/Models/Player/Animation/Locomotion Pack (1)/running.fbx
  artifactKey: Guid(50ce439a425ea5c4692d40063a211f02) Importer(815301076,1909f56bfc062723c751e8b465ee728b)
Start importing Assets/Models/Player/Animation/Locomotion Pack (1)/running.fbx using Guid(50ce439a425ea5c4692d40063a211f02) Importer(815301076,1909f56bfc062723c751e8b465ee728b)  -> (artifact id: 'c36c507f8c46b63ac3d3eade1cdf2ee9') in 0.018528 seconds 
  Import took 0.028864 seconds .

========================================================================
Received Import Request.
  Time since last request: 19.898883 seconds.
  path: Assets/Models/Player/Animation/Locomotion Pack (1)/walking.fbx
  artifactKey: Guid(bc8b852f6414042418bd319ef754ab50) Importer(815301076,1909f56bfc062723c751e8b465ee728b)
Start importing Assets/Models/Player/Animation/Locomotion Pack (1)/walking.fbx using Guid(bc8b852f6414042418bd319ef754ab50) Importer(815301076,1909f56bfc062723c751e8b465ee728b)  -> (artifact id: '53d42e15124481312b1990894518452b') in 0.022014 seconds 
  Import took 0.031189 seconds .

========================================================================
Received Import Request.
  Time since last request: 140.916616 seconds.
  path: Assets/Models/Player/Animation/Locomotion Pack (1)/running.fbx
  artifactKey: Guid(50ce439a425ea5c4692d40063a211f02) Importer(815301076,1909f56bfc062723c751e8b465ee728b)
Start importing Assets/Models/Player/Animation/Locomotion Pack (1)/running.fbx using Guid(50ce439a425ea5c4692d40063a211f02) Importer(815301076,1909f56bfc062723c751e8b465ee728b)  -> (artifact id: 'e82e044ae525b2131d994753428fe452') in 0.019137 seconds 
  Import took 0.028359 seconds .

========================================================================
Received Import Request.
  Time since last request: 6.325737 seconds.
  path: Assets/Models/Player/Animation/Locomotion Pack (1)/running.fbx
  artifactKey: Guid(50ce439a425ea5c4692d40063a211f02) Importer(815301076,1909f56bfc062723c751e8b465ee728b)
Start importing Assets/Models/Player/Animation/Locomotion Pack (1)/running.fbx using Guid(50ce439a425ea5c4692d40063a211f02) Importer(815301076,1909f56bfc062723c751e8b465ee728b)  -> (artifact id: '6d213935dd3a0e5921a03769f8903308') in 0.027945 seconds 
  Import took 0.036386 seconds .

========================================================================
Received Import Request.
  Time since last request: 35.294718 seconds.
  path: Assets/Models/Player/Animation/Locomotion Pack (1)/walking.fbx
  artifactKey: Guid(bc8b852f6414042418bd319ef754ab50) Importer(815301076,1909f56bfc062723c751e8b465ee728b)
Start importing Assets/Models/Player/Animation/Locomotion Pack (1)/walking.fbx using Guid(bc8b852f6414042418bd319ef754ab50) Importer(815301076,1909f56bfc062723c751e8b465ee728b)  -> (artifact id: '31c2f3a08c183c0eceefd77fc9e0dd0a') in 0.018185 seconds 
  Import took 0.026437 seconds .

========================================================================
Received Import Request.
  Time since last request: 55.875880 seconds.
  path: Assets/Models/Player/Animation/Locomotion Pack (1)/right strafe walking.fbx
  artifactKey: Guid(ddb7f77aa7c6d244488074a3ec00f3a7) Importer(815301076,1909f56bfc062723c751e8b465ee728b)
Start importing Assets/Models/Player/Animation/Locomotion Pack (1)/right strafe walking.fbx using Guid(ddb7f77aa7c6d244488074a3ec00f3a7) Importer(815301076,1909f56bfc062723c751e8b465ee728b)  -> (artifact id: '0377c92d7680ba27ae81a30ea34e7341') in 0.018119 seconds 
  Import took 0.025623 seconds .

========================================================================
Received Import Request.
  Time since last request: 48.811166 seconds.
  path: Assets/Models/Player/Animation/Locomotion Pack (1)/right strafe.fbx
  artifactKey: Guid(1e6e0f95bd625dd41967e5d368186603) Importer(815301076,1909f56bfc062723c751e8b465ee728b)
Start importing Assets/Models/Player/Animation/Locomotion Pack (1)/right strafe.fbx using Guid(1e6e0f95bd625dd41967e5d368186603) Importer(815301076,1909f56bfc062723c751e8b465ee728b)  -> (artifact id: '0caedaa1654d263da61f268cc3cfb223') in 0.018031 seconds 
  Import took 0.029585 seconds .

========================================================================
Received Import Request.
  Time since last request: 181.059397 seconds.
  path: Assets/Models/Player/Animation/Locomotion Pack (1)/right strafe walking.fbx
  artifactKey: Guid(ddb7f77aa7c6d244488074a3ec00f3a7) Importer(815301076,1909f56bfc062723c751e8b465ee728b)
Start importing Assets/Models/Player/Animation/Locomotion Pack (1)/right strafe walking.fbx using Guid(ddb7f77aa7c6d244488074a3ec00f3a7) Importer(815301076,1909f56bfc062723c751e8b465ee728b)  -> (artifact id: 'a51fd6975704012f5f19641e7dd90e78') in 0.018412 seconds 
  Import took 0.026266 seconds .

========================================================================
Received Import Request.
  Time since last request: 127.578584 seconds.
  path: Assets/Models/Player/Animation/Locomotion Pack (1)/left strafe walking.fbx
  artifactKey: Guid(1124806a8f4b7624b90d6ee1f5daa946) Importer(815301076,1909f56bfc062723c751e8b465ee728b)
Start importing Assets/Models/Player/Animation/Locomotion Pack (1)/left strafe walking.fbx using Guid(1124806a8f4b7624b90d6ee1f5daa946) Importer(815301076,1909f56bfc062723c751e8b465ee728b)  -> (artifact id: '7eb9e1e14bf89f496fc1e7eca4dbd5f3') in 0.019405 seconds 
  Import took 0.031660 seconds .

========================================================================
Received Import Request.
  Time since last request: 3.956252 seconds.
  path: Assets/Models/Player/Animation/Locomotion Pack (1)/left strafe.fbx
  artifactKey: Guid(40933b0d63b1c3542ac59020162d862a) Importer(815301076,1909f56bfc062723c751e8b465ee728b)
Start importing Assets/Models/Player/Animation/Locomotion Pack (1)/left strafe.fbx using Guid(40933b0d63b1c3542ac59020162d862a) Importer(815301076,1909f56bfc062723c751e8b465ee728b)  -> (artifact id: '7e64ec9135cecec390caa59beed38a75') in 0.016186 seconds 
  Import took 0.024243 seconds .

